Traceback (most recent call last):
  File "/usr/local/lib/python3.8/site-packages/jupyter_cache/executors/utils.py", line 51, in single_nb_execution
    executenb(
  File "/usr/local/lib/python3.8/site-packages/nbclient/client.py", line 1082, in execute
    return NotebookClient(nb=nb, resources=resources, km=km, **kwargs).execute()
  File "/usr/local/lib/python3.8/site-packages/nbclient/util.py", line 74, in wrapped
    return just_run(coro(*args, **kwargs))
  File "/usr/local/lib/python3.8/site-packages/nbclient/util.py", line 53, in just_run
    return loop.run_until_complete(coro)
  File "/usr/local/Cellar/python@3.8/3.8.5/Frameworks/Python.framework/Versions/3.8/lib/python3.8/asyncio/base_events.py", line 616, in run_until_complete
    return future.result()
  File "/usr/local/lib/python3.8/site-packages/nbclient/client.py", line 535, in async_execute
    await self.async_execute_cell(
  File "/usr/local/lib/python3.8/site-packages/nbclient/client.py", line 827, in async_execute_cell
    self._check_raise_for_error(cell, exec_reply)
  File "/usr/local/lib/python3.8/site-packages/nbclient/client.py", line 735, in _check_raise_for_error
    raise CellExecutionError.from_cell_and_msg(cell, exec_reply['content'])
nbclient.exceptions.CellExecutionError: An error occurred while executing the following cell:
------------------
mordor_file = "https://raw.githubusercontent.com/OTRF/mordor/master/datasets/small/windows/discovery/host/empire_find_local_admin.tar.gz"
registerMordorSQLTable(spark, mordor_file, "mordorTable")
------------------

[0;31m---------------------------------------------------------------------------[0m
[0;31mFileNotFoundError[0m                         Traceback (most recent call last)
[0;32m<ipython-input-2-109b894866cd>[0m in [0;36m<module>[0;34m[0m
[1;32m      1[0m [0mmordor_file[0m [0;34m=[0m [0;34m"https://raw.githubusercontent.com/OTRF/mordor/master/datasets/small/windows/discovery/host/empire_find_local_admin.tar.gz"[0m[0;34m[0m[0;34m[0m[0m
[0;32m----> 2[0;31m [0mregisterMordorSQLTable[0m[0;34m([0m[0mspark[0m[0;34m,[0m [0mmordor_file[0m[0;34m,[0m [0;34m"mordorTable"[0m[0;34m)[0m[0;34m[0m[0;34m[0m[0m
[0m
[0;32m/usr/local/lib/python3.8/site-packages/openhunt/mordorutils.py[0m in [0;36mregisterMordorSQLTable[0;34m(spark, url, tableName)[0m
[1;32m     20[0m [0;34m[0m[0m
[1;32m     21[0m [0;32mdef[0m [0mregisterMordorSQLTable[0m[0;34m([0m[0mspark[0m[0;34m,[0m [0murl[0m[0;34m,[0m [0mtableName[0m[0;34m)[0m[0;34m:[0m[0;34m[0m[0;34m[0m[0m
[0;32m---> 22[0;31m     [0mmordorJSONPath[0m [0;34m=[0m [0mdownloadMordorFile[0m[0;34m([0m[0murl[0m[0;34m)[0m[0;34m[0m[0;34m[0m[0m
[0m[1;32m     23[0m     [0mmordorDF[0m [0;34m=[0m [0mreadJSON[0m[0;34m([0m[0mmordorJSONPath[0m[0;34m,[0m [0mspark[0m[0;34m)[0m[0;34m[0m[0;34m[0m[0m
[1;32m     24[0m     [0mmordorDF[0m [0;34m=[0m [0mprocessDataFrame[0m[0;34m([0m[0mmordorDF[0m[0;34m,[0m [0mspark[0m[0;34m)[0m[0;34m[0m[0;34m[0m[0m

[0;32m/usr/local/lib/python3.8/site-packages/openhunt/mordorutils.py[0m in [0;36mdownloadMordorFile[0;34m(url, dest)[0m
[1;32m     12[0m     [0;32mif[0m [0murl[0m[0;34m[[0m[0;34m-[0m[0;36m7[0m[0;34m:[0m[0;34m][0m [0;34m==[0m [0;34m'.tar.gz'[0m[0;34m:[0m[0;34m[0m[0;34m[0m[0m
[1;32m     13[0m         [0mmordorFile[0m [0;34m=[0m [0mdownloadFile[0m[0;34m([0m[0murl[0m[0;34m)[0m[0;34m[0m[0;34m[0m[0m
[0;32m---> 14[0;31m         [0mmordorJSONPath[0m [0;34m=[0m [0mdecompressJSON[0m[0;34m([0m[0mmordorFile[0m[0;34m)[0m[0;34m[0m[0;34m[0m[0m
[0m[1;32m     15[0m     [0;32melif[0m [0murl[0m[0;34m[[0m[0;34m-[0m[0;36m4[0m[0;34m:[0m[0;34m][0m [0;34m==[0m [0;34m'.zip'[0m[0;34m:[0m[0;34m[0m[0;34m[0m[0m
[1;32m     16[0m         [0mzipFileRequest[0m [0;34m=[0m [0mrequests[0m[0;34m.[0m[0mget[0m[0;34m([0m[0murl[0m[0;34m)[0m[0;34m[0m[0;34m[0m[0m

[0;32m/usr/local/lib/python3.8/site-packages/openhunt/utils.py[0m in [0;36mdecompressJSON[0;34m(filePath)[0m
[1;32m     16[0m [0;34m[0m[0m
[1;32m     17[0m [0;32mdef[0m [0mdecompressJSON[0m[0;34m([0m[0mfilePath[0m[0;34m)[0m[0;34m:[0m[0;34m[0m[0;34m[0m[0m
[0;32m---> 18[0;31m     [0mtf[0m [0;34m=[0m [0mtarfile[0m[0;34m.[0m[0mopen[0m[0;34m([0m[0mfilePath[0m[0;34m)[0m[0;34m[0m[0;34m[0m[0m
[0m[1;32m     19[0m     [0;32mfor[0m [0mmember[0m [0;32min[0m [0mtf[0m[0;34m.[0m[0mgetmembers[0m[0;34m([0m[0;34m)[0m[0;34m:[0m[0;34m[0m[0;34m[0m[0m
[1;32m     20[0m         [0mtf[0m[0;34m.[0m[0mextract[0m[0;34m([0m[0mmember[0m[0;34m)[0m[0;34m[0m[0;34m[0m[0m

[0;32m/usr/local/Cellar/python@3.8/3.8.5/Frameworks/Python.framework/Versions/3.8/lib/python3.8/tarfile.py[0m in [0;36mopen[0;34m(cls, name, mode, fileobj, bufsize, **kwargs)[0m
[1;32m   1599[0m                     [0msaved_pos[0m [0;34m=[0m [0mfileobj[0m[0;34m.[0m[0mtell[0m[0;34m([0m[0;34m)[0m[0;34m[0m[0;34m[0m[0m
[1;32m   1600[0m                 [0;32mtry[0m[0;34m:[0m[0;34m[0m[0;34m[0m[0m
[0;32m-> 1601[0;31m                     [0;32mreturn[0m [0mfunc[0m[0;34m([0m[0mname[0m[0;34m,[0m [0;34m"r"[0m[0;34m,[0m [0mfileobj[0m[0;34m,[0m [0;34m**[0m[0mkwargs[0m[0;34m)[0m[0;34m[0m[0;34m[0m[0m
[0m[1;32m   1602[0m                 [0;32mexcept[0m [0;34m([0m[0mReadError[0m[0;34m,[0m [0mCompressionError[0m[0;34m)[0m[0;34m:[0m[0;34m[0m[0;34m[0m[0m
[1;32m   1603[0m                     [0;32mif[0m [0mfileobj[0m [0;32mis[0m [0;32mnot[0m [0;32mNone[0m[0;34m:[0m[0;34m[0m[0;34m[0m[0m

[0;32m/usr/local/Cellar/python@3.8/3.8.5/Frameworks/Python.framework/Versions/3.8/lib/python3.8/tarfile.py[0m in [0;36mgzopen[0;34m(cls, name, mode, fileobj, compresslevel, **kwargs)[0m
[1;32m   1663[0m [0;34m[0m[0m
[1;32m   1664[0m         [0;32mtry[0m[0;34m:[0m[0;34m[0m[0;34m[0m[0m
[0;32m-> 1665[0;31m             [0mfileobj[0m [0;34m=[0m [0mGzipFile[0m[0;34m([0m[0mname[0m[0;34m,[0m [0mmode[0m [0;34m+[0m [0;34m"b"[0m[0;34m,[0m [0mcompresslevel[0m[0;34m,[0m [0mfileobj[0m[0;34m)[0m[0;34m[0m[0;34m[0m[0m
[0m[1;32m   1666[0m         [0;32mexcept[0m [0mOSError[0m[0;34m:[0m[0;34m[0m[0;34m[0m[0m
[1;32m   1667[0m             [0;32mif[0m [0mfileobj[0m [0;32mis[0m [0;32mnot[0m [0;32mNone[0m [0;32mand[0m [0mmode[0m [0;34m==[0m [0;34m'r'[0m[0;34m:[0m[0;34m[0m[0;34m[0m[0m

[0;32m/usr/local/Cellar/python@3.8/3.8.5/Frameworks/Python.framework/Versions/3.8/lib/python3.8/gzip.py[0m in [0;36m__init__[0;34m(self, filename, mode, compresslevel, fileobj, mtime)[0m
[1;32m    171[0m             [0mmode[0m [0;34m+=[0m [0;34m'b'[0m[0;34m[0m[0;34m[0m[0m
[1;32m    172[0m         [0;32mif[0m [0mfileobj[0m [0;32mis[0m [0;32mNone[0m[0;34m:[0m[0;34m[0m[0;34m[0m[0m
[0;32m--> 173[0;31m             [0mfileobj[0m [0;34m=[0m [0mself[0m[0;34m.[0m[0mmyfileobj[0m [0;34m=[0m [0mbuiltins[0m[0;34m.[0m[0mopen[0m[0;34m([0m[0mfilename[0m[0;34m,[0m [0mmode[0m [0;32mor[0m [0;34m'rb'[0m[0;34m)[0m[0;34m[0m[0;34m[0m[0m
[0m[1;32m    174[0m         [0;32mif[0m [0mfilename[0m [0;32mis[0m [0;32mNone[0m[0;34m:[0m[0;34m[0m[0;34m[0m[0m
[1;32m    175[0m             [0mfilename[0m [0;34m=[0m [0mgetattr[0m[0;34m([0m[0mfileobj[0m[0;34m,[0m [0;34m'name'[0m[0;34m,[0m [0;34m''[0m[0;34m)[0m[0;34m[0m[0;34m[0m[0m

[0;31mFileNotFoundError[0m: [Errno 2] No such file or directory: '/tmp/empire_find_local_admin.tar.gz'
FileNotFoundError: [Errno 2] No such file or directory: '/tmp/empire_find_local_admin.tar.gz'

