{"@stream":"loaded_scripts","@system":"test-nsm","@proc":"zeek","name":"/usr/share/zeek/base/init-bare.zeek"}
{"@stream":"loaded_scripts","@system":"test-nsm","@proc":"zeek","name":"  /usr/share/zeek/base/bif/const.bif.zeek"}
{"@stream":"loaded_scripts","@system":"test-nsm","@proc":"zeek","name":"  /usr/share/zeek/base/bif/types.bif.zeek"}
{"@stream":"loaded_scripts","@system":"test-nsm","@proc":"zeek","name":"  /usr/share/zeek/base/bif/zeek.bif.zeek"}
{"@stream":"loaded_scripts","@system":"test-nsm","@proc":"zeek","name":"  /usr/share/zeek/base/bif/stats.bif.zeek"}
{"@stream":"loaded_scripts","@system":"test-nsm","@proc":"zeek","name":"  /usr/share/zeek/base/bif/reporter.bif.zeek"}
{"@stream":"loaded_scripts","@system":"test-nsm","@proc":"zeek","name":"  /usr/share/zeek/base/bif/strings.bif.zeek"}
{"@stream":"loaded_scripts","@system":"test-nsm","@proc":"zeek","name":"  /usr/share/zeek/base/bif/option.bif.zeek"}
{"@stream":"loaded_scripts","@system":"test-nsm","@proc":"zeek","name":"  /usr/share/zeek/base/bif/plugins/Zeek_SNMP.types.bif.zeek"}
{"@stream":"loaded_scripts","@system":"test-nsm","@proc":"zeek","name":"  /usr/share/zeek/base/bif/plugins/Zeek_KRB.types.bif.zeek"}
{"@stream":"loaded_scripts","@system":"test-nsm","@proc":"zeek","name":"  /usr/share/zeek/base/bif/event.bif.zeek"}
{"@stream":"loaded_scripts","@system":"test-nsm","@proc":"zeek","name":"/usr/share/zeek/base/init-frameworks-and-bifs.zeek"}
{"@stream":"loaded_scripts","@system":"test-nsm","@proc":"zeek","name":"  /usr/share/zeek/base/frameworks/logging/__load__.zeek"}
{"@stream":"loaded_scripts","@system":"test-nsm","@proc":"zeek","name":"    /usr/share/zeek/base/frameworks/logging/main.zeek"}
{"@stream":"loaded_scripts","@system":"test-nsm","@proc":"zeek","name":"      /usr/share/zeek/base/bif/logging.bif.zeek"}
{"@stream":"loaded_scripts","@system":"test-nsm","@proc":"zeek","name":"    /usr/share/zeek/base/frameworks/logging/postprocessors/__load__.zeek"}
{"@stream":"loaded_scripts","@system":"test-nsm","@proc":"zeek","name":"      /usr/share/zeek/base/frameworks/logging/postprocessors/scp.zeek"}
{"@stream":"loaded_scripts","@system":"test-nsm","@proc":"zeek","name":"      /usr/share/zeek/base/frameworks/logging/postprocessors/sftp.zeek"}
{"@stream":"loaded_scripts","@system":"test-nsm","@proc":"zeek","name":"    /usr/share/zeek/base/frameworks/logging/writers/ascii.zeek"}
{"@stream":"loaded_scripts","@system":"test-nsm","@proc":"zeek","name":"    /usr/share/zeek/base/frameworks/logging/writers/sqlite.zeek"}
{"@stream":"loaded_scripts","@system":"test-nsm","@proc":"zeek","name":"    /usr/share/zeek/base/frameworks/logging/writers/none.zeek"}
{"@stream":"loaded_scripts","@system":"test-nsm","@proc":"zeek","name":"  /usr/share/zeek/base/frameworks/broker/__load__.zeek"}
{"@stream":"loaded_scripts","@system":"test-nsm","@proc":"zeek","name":"    /usr/share/zeek/base/frameworks/broker/main.zeek"}
{"@stream":"loaded_scripts","@system":"test-nsm","@proc":"zeek","name":"      /usr/share/zeek/base/bif/comm.bif.zeek"}
{"@stream":"loaded_scripts","@system":"test-nsm","@proc":"zeek","name":"      /usr/share/zeek/base/bif/messaging.bif.zeek"}
{"@stream":"loaded_scripts","@system":"test-nsm","@proc":"zeek","name":"    /usr/share/zeek/base/frameworks/broker/store.zeek"}
{"@stream":"loaded_scripts","@system":"test-nsm","@proc":"zeek","name":"      /usr/share/zeek/base/bif/data.bif.zeek"}
{"@stream":"loaded_scripts","@system":"test-nsm","@proc":"zeek","name":"      /usr/share/zeek/base/bif/store.bif.zeek"}
{"@stream":"loaded_scripts","@system":"test-nsm","@proc":"zeek","name":"    /usr/share/zeek/base/frameworks/broker/log.zeek"}
{"@stream":"loaded_scripts","@system":"test-nsm","@proc":"zeek","name":"  /usr/share/zeek/base/frameworks/input/__load__.zeek"}
{"@stream":"loaded_scripts","@system":"test-nsm","@proc":"zeek","name":"    /usr/share/zeek/base/frameworks/input/main.zeek"}
{"@stream":"loaded_scripts","@system":"test-nsm","@proc":"zeek","name":"      /usr/share/zeek/base/bif/input.bif.zeek"}
{"@stream":"loaded_scripts","@system":"test-nsm","@proc":"zeek","name":"    /usr/share/zeek/base/frameworks/input/readers/ascii.zeek"}
{"@stream":"loaded_scripts","@system":"test-nsm","@proc":"zeek","name":"    /usr/share/zeek/base/frameworks/input/readers/raw.zeek"}
{"@stream":"loaded_scripts","@system":"test-nsm","@proc":"zeek","name":"    /usr/share/zeek/base/frameworks/input/readers/benchmark.zeek"}
{"@stream":"loaded_scripts","@system":"test-nsm","@proc":"zeek","name":"    /usr/share/zeek/base/frameworks/input/readers/binary.zeek"}
{"@stream":"loaded_scripts","@system":"test-nsm","@proc":"zeek","name":"    /usr/share/zeek/base/frameworks/input/readers/config.zeek"}
{"@stream":"loaded_scripts","@system":"test-nsm","@proc":"zeek","name":"    /usr/share/zeek/base/frameworks/input/readers/sqlite.zeek"}
{"@stream":"loaded_scripts","@system":"test-nsm","@proc":"zeek","name":"  /usr/share/zeek/base/frameworks/analyzer/__load__.zeek"}
{"@stream":"loaded_scripts","@system":"test-nsm","@proc":"zeek","name":"    /usr/share/zeek/base/frameworks/analyzer/main.zeek"}
{"@stream":"loaded_scripts","@system":"test-nsm","@proc":"zeek","name":"      /usr/share/zeek/base/frameworks/packet-filter/utils.zeek"}
{"@stream":"loaded_scripts","@system":"test-nsm","@proc":"zeek","name":"      /usr/share/zeek/base/bif/analyzer.bif.zeek"}
{"@stream":"loaded_scripts","@system":"test-nsm","@proc":"zeek","name":"  /usr/share/zeek/base/frameworks/files/__load__.zeek"}
{"@stream":"loaded_scripts","@system":"test-nsm","@proc":"zeek","name":"    /usr/share/zeek/base/frameworks/files/main.zeek"}
{"@stream":"loaded_scripts","@system":"test-nsm","@proc":"zeek","name":"      /usr/share/zeek/base/bif/file_analysis.bif.zeek"}
{"@stream":"loaded_scripts","@system":"test-nsm","@proc":"zeek","name":"      /usr/share/zeek/base/utils/site.zeek"}
{"@stream":"loaded_scripts","@system":"test-nsm","@proc":"zeek","name":"        /usr/share/zeek/base/utils/patterns.zeek"}
{"@stream":"loaded_scripts","@system":"test-nsm","@proc":"zeek","name":"    /usr/share/zeek/base/frameworks/files/magic/__load__.zeek"}
{"@stream":"loaded_scripts","@system":"test-nsm","@proc":"zeek","name":"  /usr/share/zeek/base/bif/__load__.zeek"}
{"@stream":"loaded_scripts","@system":"test-nsm","@proc":"zeek","name":"    /usr/share/zeek/base/bif/zeekygen.bif.zeek"}
{"@stream":"loaded_scripts","@system":"test-nsm","@proc":"zeek","name":"    /usr/share/zeek/base/bif/pcap.bif.zeek"}
{"@stream":"loaded_scripts","@system":"test-nsm","@proc":"zeek","name":"    /usr/share/zeek/base/bif/bloom-filter.bif.zeek"}
{"@stream":"loaded_scripts","@system":"test-nsm","@proc":"zeek","name":"    /usr/share/zeek/base/bif/cardinality-counter.bif.zeek"}
{"@stream":"loaded_scripts","@system":"test-nsm","@proc":"zeek","name":"    /usr/share/zeek/base/bif/top-k.bif.zeek"}
{"@stream":"loaded_scripts","@system":"test-nsm","@proc":"zeek","name":"  /usr/share/zeek/base/bif/plugins/__load__.zeek"}
{"@stream":"loaded_scripts","@system":"test-nsm","@proc":"zeek","name":"    /usr/share/zeek/base/bif/plugins/Zeek_ARP.events.bif.zeek"}
{"@stream":"loaded_scripts","@system":"test-nsm","@proc":"zeek","name":"    /usr/share/zeek/base/bif/plugins/Zeek_BitTorrent.events.bif.zeek"}
{"@stream":"loaded_scripts","@system":"test-nsm","@proc":"zeek","name":"    /usr/share/zeek/base/bif/plugins/Zeek_ConnSize.events.bif.zeek"}
{"@stream":"loaded_scripts","@system":"test-nsm","@proc":"zeek","name":"    /usr/share/zeek/base/bif/plugins/Zeek_ConnSize.functions.bif.zeek"}
{"@stream":"loaded_scripts","@system":"test-nsm","@proc":"zeek","name":"    /usr/share/zeek/base/bif/plugins/Zeek_DCE_RPC.consts.bif.zeek"}
{"@stream":"loaded_scripts","@system":"test-nsm","@proc":"zeek","name":"    /usr/share/zeek/base/bif/plugins/Zeek_DCE_RPC.types.bif.zeek"}
{"@stream":"loaded_scripts","@system":"test-nsm","@proc":"zeek","name":"    /usr/share/zeek/base/bif/plugins/Zeek_DCE_RPC.events.bif.zeek"}
{"@stream":"loaded_scripts","@system":"test-nsm","@proc":"zeek","name":"    /usr/share/zeek/base/bif/plugins/Zeek_DHCP.events.bif.zeek"}
{"@stream":"loaded_scripts","@system":"test-nsm","@proc":"zeek","name":"    /usr/share/zeek/base/bif/plugins/Zeek_DHCP.types.bif.zeek"}
{"@stream":"loaded_scripts","@system":"test-nsm","@proc":"zeek","name":"    /usr/share/zeek/base/bif/plugins/Zeek_DNP3.events.bif.zeek"}
{"@stream":"loaded_scripts","@system":"test-nsm","@proc":"zeek","name":"    /usr/share/zeek/base/bif/plugins/Zeek_DNS.events.bif.zeek"}
{"@stream":"loaded_scripts","@system":"test-nsm","@proc":"zeek","name":"    /usr/share/zeek/base/bif/plugins/Zeek_File.events.bif.zeek"}
{"@stream":"loaded_scripts","@system":"test-nsm","@proc":"zeek","name":"    /usr/share/zeek/base/bif/plugins/Zeek_Finger.events.bif.zeek"}
{"@stream":"loaded_scripts","@system":"test-nsm","@proc":"zeek","name":"    /usr/share/zeek/base/bif/plugins/Zeek_FTP.events.bif.zeek"}
{"@stream":"loaded_scripts","@system":"test-nsm","@proc":"zeek","name":"    /usr/share/zeek/base/bif/plugins/Zeek_FTP.functions.bif.zeek"}
{"@stream":"loaded_scripts","@system":"test-nsm","@proc":"zeek","name":"    /usr/share/zeek/base/bif/plugins/Zeek_Gnutella.events.bif.zeek"}
{"@stream":"loaded_scripts","@system":"test-nsm","@proc":"zeek","name":"    /usr/share/zeek/base/bif/plugins/Zeek_GSSAPI.events.bif.zeek"}
{"@stream":"loaded_scripts","@system":"test-nsm","@proc":"zeek","name":"    /usr/share/zeek/base/bif/plugins/Zeek_GTPv1.events.bif.zeek"}
{"@stream":"loaded_scripts","@system":"test-nsm","@proc":"zeek","name":"    /usr/share/zeek/base/bif/plugins/Zeek_HTTP.events.bif.zeek"}
{"@stream":"loaded_scripts","@system":"test-nsm","@proc":"zeek","name":"    /usr/share/zeek/base/bif/plugins/Zeek_HTTP.functions.bif.zeek"}
{"@stream":"loaded_scripts","@system":"test-nsm","@proc":"zeek","name":"    /usr/share/zeek/base/bif/plugins/Zeek_ICMP.events.bif.zeek"}
{"@stream":"loaded_scripts","@system":"test-nsm","@proc":"zeek","name":"    /usr/share/zeek/base/bif/plugins/Zeek_Ident.events.bif.zeek"}
{"@stream":"loaded_scripts","@system":"test-nsm","@proc":"zeek","name":"    /usr/share/zeek/base/bif/plugins/Zeek_IMAP.events.bif.zeek"}
{"@stream":"loaded_scripts","@system":"test-nsm","@proc":"zeek","name":"    /usr/share/zeek/base/bif/plugins/Zeek_IRC.events.bif.zeek"}
{"@stream":"loaded_scripts","@system":"test-nsm","@proc":"zeek","name":"    /usr/share/zeek/base/bif/plugins/Zeek_KRB.events.bif.zeek"}
{"@stream":"loaded_scripts","@system":"test-nsm","@proc":"zeek","name":"    /usr/share/zeek/base/bif/plugins/Zeek_Login.events.bif.zeek"}
{"@stream":"loaded_scripts","@system":"test-nsm","@proc":"zeek","name":"    /usr/share/zeek/base/bif/plugins/Zeek_Login.functions.bif.zeek"}
{"@stream":"loaded_scripts","@system":"test-nsm","@proc":"zeek","name":"    /usr/share/zeek/base/bif/plugins/Zeek_MIME.events.bif.zeek"}
{"@stream":"loaded_scripts","@system":"test-nsm","@proc":"zeek","name":"    /usr/share/zeek/base/bif/plugins/Zeek_Modbus.events.bif.zeek"}
{"@stream":"loaded_scripts","@system":"test-nsm","@proc":"zeek","name":"    /usr/share/zeek/base/bif/plugins/Zeek_MQTT.types.bif.zeek"}
{"@stream":"loaded_scripts","@system":"test-nsm","@proc":"zeek","name":"    /usr/share/zeek/base/bif/plugins/Zeek_MQTT.events.bif.zeek"}
{"@stream":"loaded_scripts","@system":"test-nsm","@proc":"zeek","name":"    /usr/share/zeek/base/bif/plugins/Zeek_MySQL.events.bif.zeek"}
{"@stream":"loaded_scripts","@system":"test-nsm","@proc":"zeek","name":"    /usr/share/zeek/base/bif/plugins/Zeek_NCP.events.bif.zeek"}
{"@stream":"loaded_scripts","@system":"test-nsm","@proc":"zeek","name":"    /usr/share/zeek/base/bif/plugins/Zeek_NCP.consts.bif.zeek"}
{"@stream":"loaded_scripts","@system":"test-nsm","@proc":"zeek","name":"    /usr/share/zeek/base/bif/plugins/Zeek_NetBIOS.events.bif.zeek"}
{"@stream":"loaded_scripts","@system":"test-nsm","@proc":"zeek","name":"    /usr/share/zeek/base/bif/plugins/Zeek_NetBIOS.functions.bif.zeek"}
{"@stream":"loaded_scripts","@system":"test-nsm","@proc":"zeek","name":"    /usr/share/zeek/base/bif/plugins/Zeek_NTLM.types.bif.zeek"}
{"@stream":"loaded_scripts","@system":"test-nsm","@proc":"zeek","name":"    /usr/share/zeek/base/bif/plugins/Zeek_NTLM.events.bif.zeek"}
{"@stream":"loaded_scripts","@system":"test-nsm","@proc":"zeek","name":"    /usr/share/zeek/base/bif/plugins/Zeek_NTP.types.bif.zeek"}
{"@stream":"loaded_scripts","@system":"test-nsm","@proc":"zeek","name":"    /usr/share/zeek/base/bif/plugins/Zeek_NTP.events.bif.zeek"}
{"@stream":"loaded_scripts","@system":"test-nsm","@proc":"zeek","name":"    /usr/share/zeek/base/bif/plugins/Zeek_POP3.events.bif.zeek"}
{"@stream":"loaded_scripts","@system":"test-nsm","@proc":"zeek","name":"    /usr/share/zeek/base/bif/plugins/Zeek_RADIUS.events.bif.zeek"}
{"@stream":"loaded_scripts","@system":"test-nsm","@proc":"zeek","name":"    /usr/share/zeek/base/bif/plugins/Zeek_RDP.events.bif.zeek"}
{"@stream":"loaded_scripts","@system":"test-nsm","@proc":"zeek","name":"    /usr/share/zeek/base/bif/plugins/Zeek_RDP.types.bif.zeek"}
{"@stream":"loaded_scripts","@system":"test-nsm","@proc":"zeek","name":"    /usr/share/zeek/base/bif/plugins/Zeek_RFB.events.bif.zeek"}
{"@stream":"loaded_scripts","@system":"test-nsm","@proc":"zeek","name":"    /usr/share/zeek/base/bif/plugins/Zeek_RPC.events.bif.zeek"}
{"@stream":"loaded_scripts","@system":"test-nsm","@proc":"zeek","name":"    /usr/share/zeek/base/bif/plugins/Zeek_SIP.events.bif.zeek"}
{"@stream":"loaded_scripts","@system":"test-nsm","@proc":"zeek","name":"    /usr/share/zeek/base/bif/plugins/Zeek_SMB.smb1_com_check_directory.bif.zeek"}
{"@stream":"loaded_scripts","@system":"test-nsm","@proc":"zeek","name":"    /usr/share/zeek/base/bif/plugins/Zeek_SMB.smb1_com_close.bif.zeek"}
{"@stream":"loaded_scripts","@system":"test-nsm","@proc":"zeek","name":"    /usr/share/zeek/base/bif/plugins/Zeek_SMB.smb1_com_create_directory.bif.zeek"}
{"@stream":"loaded_scripts","@system":"test-nsm","@proc":"zeek","name":"    /usr/share/zeek/base/bif/plugins/Zeek_SMB.smb1_com_echo.bif.zeek"}
{"@stream":"loaded_scripts","@system":"test-nsm","@proc":"zeek","name":"    /usr/share/zeek/base/bif/plugins/Zeek_SMB.smb1_com_logoff_andx.bif.zeek"}
{"@stream":"loaded_scripts","@system":"test-nsm","@proc":"zeek","name":"    /usr/share/zeek/base/bif/plugins/Zeek_SMB.smb1_com_negotiate.bif.zeek"}
{"@stream":"loaded_scripts","@system":"test-nsm","@proc":"zeek","name":"    /usr/share/zeek/base/bif/plugins/Zeek_SMB.smb1_com_nt_create_andx.bif.zeek"}
{"@stream":"loaded_scripts","@system":"test-nsm","@proc":"zeek","name":"    /usr/share/zeek/base/bif/plugins/Zeek_SMB.smb1_com_nt_cancel.bif.zeek"}
{"@stream":"loaded_scripts","@system":"test-nsm","@proc":"zeek","name":"    /usr/share/zeek/base/bif/plugins/Zeek_SMB.smb1_com_query_information.bif.zeek"}
{"@stream":"loaded_scripts","@system":"test-nsm","@proc":"zeek","name":"    /usr/share/zeek/base/bif/plugins/Zeek_SMB.smb1_com_read_andx.bif.zeek"}
{"@stream":"loaded_scripts","@system":"test-nsm","@proc":"zeek","name":"    /usr/share/zeek/base/bif/plugins/Zeek_SMB.smb1_com_session_setup_andx.bif.zeek"}
{"@stream":"loaded_scripts","@system":"test-nsm","@proc":"zeek","name":"    /usr/share/zeek/base/bif/plugins/Zeek_SMB.smb1_com_transaction.bif.zeek"}
{"@stream":"loaded_scripts","@system":"test-nsm","@proc":"zeek","name":"    /usr/share/zeek/base/bif/plugins/Zeek_SMB.smb1_com_transaction_secondary.bif.zeek"}
{"@stream":"loaded_scripts","@system":"test-nsm","@proc":"zeek","name":"    /usr/share/zeek/base/bif/plugins/Zeek_SMB.smb1_com_transaction2.bif.zeek"}
{"@stream":"loaded_scripts","@system":"test-nsm","@proc":"zeek","name":"    /usr/share/zeek/base/bif/plugins/Zeek_SMB.smb1_com_transaction2_secondary.bif.zeek"}
{"@stream":"loaded_scripts","@system":"test-nsm","@proc":"zeek","name":"    /usr/share/zeek/base/bif/plugins/Zeek_SMB.smb1_com_tree_connect_andx.bif.zeek"}
{"@stream":"loaded_scripts","@system":"test-nsm","@proc":"zeek","name":"    /usr/share/zeek/base/bif/plugins/Zeek_SMB.smb1_com_tree_disconnect.bif.zeek"}
{"@stream":"loaded_scripts","@system":"test-nsm","@proc":"zeek","name":"    /usr/share/zeek/base/bif/plugins/Zeek_SMB.smb1_com_write_andx.bif.zeek"}
{"@stream":"loaded_scripts","@system":"test-nsm","@proc":"zeek","name":"    /usr/share/zeek/base/bif/plugins/Zeek_SMB.smb1_events.bif.zeek"}
{"@stream":"loaded_scripts","@system":"test-nsm","@proc":"zeek","name":"    /usr/share/zeek/base/bif/plugins/Zeek_SMB.smb2_com_close.bif.zeek"}
{"@stream":"loaded_scripts","@system":"test-nsm","@proc":"zeek","name":"    /usr/share/zeek/base/bif/plugins/Zeek_SMB.smb2_com_create.bif.zeek"}
{"@stream":"loaded_scripts","@system":"test-nsm","@proc":"zeek","name":"    /usr/share/zeek/base/bif/plugins/Zeek_SMB.smb2_com_negotiate.bif.zeek"}
{"@stream":"loaded_scripts","@system":"test-nsm","@proc":"zeek","name":"    /usr/share/zeek/base/bif/plugins/Zeek_SMB.smb2_com_read.bif.zeek"}
{"@stream":"loaded_scripts","@system":"test-nsm","@proc":"zeek","name":"    /usr/share/zeek/base/bif/plugins/Zeek_SMB.smb2_com_session_setup.bif.zeek"}
{"@stream":"loaded_scripts","@system":"test-nsm","@proc":"zeek","name":"    /usr/share/zeek/base/bif/plugins/Zeek_SMB.smb2_com_set_info.bif.zeek"}
{"@stream":"loaded_scripts","@system":"test-nsm","@proc":"zeek","name":"    /usr/share/zeek/base/bif/plugins/Zeek_SMB.smb2_com_tree_connect.bif.zeek"}
{"@stream":"loaded_scripts","@system":"test-nsm","@proc":"zeek","name":"    /usr/share/zeek/base/bif/plugins/Zeek_SMB.smb2_com_tree_disconnect.bif.zeek"}
{"@stream":"loaded_scripts","@system":"test-nsm","@proc":"zeek","name":"    /usr/share/zeek/base/bif/plugins/Zeek_SMB.smb2_com_write.bif.zeek"}
{"@stream":"loaded_scripts","@system":"test-nsm","@proc":"zeek","name":"    /usr/share/zeek/base/bif/plugins/Zeek_SMB.smb2_com_transform_header.bif.zeek"}
{"@stream":"loaded_scripts","@system":"test-nsm","@proc":"zeek","name":"    /usr/share/zeek/base/bif/plugins/Zeek_SMB.smb2_events.bif.zeek"}
{"@stream":"loaded_scripts","@system":"test-nsm","@proc":"zeek","name":"    /usr/share/zeek/base/bif/plugins/Zeek_SMB.events.bif.zeek"}
{"@stream":"loaded_scripts","@system":"test-nsm","@proc":"zeek","name":"    /usr/share/zeek/base/bif/plugins/Zeek_SMB.consts.bif.zeek"}
{"@stream":"loaded_scripts","@system":"test-nsm","@proc":"zeek","name":"    /usr/share/zeek/base/bif/plugins/Zeek_SMB.types.bif.zeek"}
{"@stream":"loaded_scripts","@system":"test-nsm","@proc":"zeek","name":"    /usr/share/zeek/base/bif/plugins/Zeek_SMTP.events.bif.zeek"}
{"@stream":"loaded_scripts","@system":"test-nsm","@proc":"zeek","name":"    /usr/share/zeek/base/bif/plugins/Zeek_SMTP.functions.bif.zeek"}
{"@stream":"loaded_scripts","@system":"test-nsm","@proc":"zeek","name":"    /usr/share/zeek/base/bif/plugins/Zeek_SNMP.events.bif.zeek"}
{"@stream":"loaded_scripts","@system":"test-nsm","@proc":"zeek","name":"    /usr/share/zeek/base/bif/plugins/Zeek_SOCKS.events.bif.zeek"}
{"@stream":"loaded_scripts","@system":"test-nsm","@proc":"zeek","name":"    /usr/share/zeek/base/bif/plugins/Zeek_SSH.types.bif.zeek"}
{"@stream":"loaded_scripts","@system":"test-nsm","@proc":"zeek","name":"    /usr/share/zeek/base/bif/plugins/Zeek_SSH.events.bif.zeek"}
{"@stream":"loaded_scripts","@system":"test-nsm","@proc":"zeek","name":"    /usr/share/zeek/base/bif/plugins/Zeek_SSL.types.bif.zeek"}
{"@stream":"loaded_scripts","@system":"test-nsm","@proc":"zeek","name":"    /usr/share/zeek/base/bif/plugins/Zeek_SSL.events.bif.zeek"}
{"@stream":"loaded_scripts","@system":"test-nsm","@proc":"zeek","name":"    /usr/share/zeek/base/bif/plugins/Zeek_SSL.functions.bif.zeek"}
{"@stream":"loaded_scripts","@system":"test-nsm","@proc":"zeek","name":"    /usr/share/zeek/base/bif/plugins/Zeek_SSL.consts.bif.zeek"}
{"@stream":"loaded_scripts","@system":"test-nsm","@proc":"zeek","name":"    /usr/share/zeek/base/bif/plugins/Zeek_SteppingStone.events.bif.zeek"}
{"@stream":"loaded_scripts","@system":"test-nsm","@proc":"zeek","name":"    /usr/share/zeek/base/bif/plugins/Zeek_Syslog.events.bif.zeek"}
{"@stream":"loaded_scripts","@system":"test-nsm","@proc":"zeek","name":"    /usr/share/zeek/base/bif/plugins/Zeek_TCP.events.bif.zeek"}
{"@stream":"loaded_scripts","@system":"test-nsm","@proc":"zeek","name":"    /usr/share/zeek/base/bif/plugins/Zeek_TCP.functions.bif.zeek"}
{"@stream":"loaded_scripts","@system":"test-nsm","@proc":"zeek","name":"    /usr/share/zeek/base/bif/plugins/Zeek_Teredo.events.bif.zeek"}
{"@stream":"loaded_scripts","@system":"test-nsm","@proc":"zeek","name":"    /usr/share/zeek/base/bif/plugins/Zeek_UDP.events.bif.zeek"}
{"@stream":"loaded_scripts","@system":"test-nsm","@proc":"zeek","name":"    /usr/share/zeek/base/bif/plugins/Zeek_VXLAN.events.bif.zeek"}
{"@stream":"loaded_scripts","@system":"test-nsm","@proc":"zeek","name":"    /usr/share/zeek/base/bif/plugins/Zeek_XMPP.events.bif.zeek"}
{"@stream":"loaded_scripts","@system":"test-nsm","@proc":"zeek","name":"    /usr/share/zeek/base/bif/plugins/Zeek_FileEntropy.events.bif.zeek"}
{"@stream":"loaded_scripts","@system":"test-nsm","@proc":"zeek","name":"    /usr/share/zeek/base/bif/plugins/Zeek_FileExtract.events.bif.zeek"}
{"@stream":"loaded_scripts","@system":"test-nsm","@proc":"zeek","name":"    /usr/share/zeek/base/bif/plugins/Zeek_FileExtract.functions.bif.zeek"}
{"@stream":"loaded_scripts","@system":"test-nsm","@proc":"zeek","name":"    /usr/share/zeek/base/bif/plugins/Zeek_FileHash.events.bif.zeek"}
{"@stream":"loaded_scripts","@system":"test-nsm","@proc":"zeek","name":"    /usr/share/zeek/base/bif/plugins/Zeek_PE.events.bif.zeek"}
{"@stream":"loaded_scripts","@system":"test-nsm","@proc":"zeek","name":"    /usr/share/zeek/base/bif/plugins/Zeek_Unified2.events.bif.zeek"}
{"@stream":"loaded_scripts","@system":"test-nsm","@proc":"zeek","name":"    /usr/share/zeek/base/bif/plugins/Zeek_Unified2.types.bif.zeek"}
{"@stream":"loaded_scripts","@system":"test-nsm","@proc":"zeek","name":"    /usr/share/zeek/base/bif/plugins/Zeek_X509.events.bif.zeek"}
{"@stream":"loaded_scripts","@system":"test-nsm","@proc":"zeek","name":"    /usr/share/zeek/base/bif/plugins/Zeek_X509.types.bif.zeek"}
{"@stream":"loaded_scripts","@system":"test-nsm","@proc":"zeek","name":"    /usr/share/zeek/base/bif/plugins/Zeek_X509.functions.bif.zeek"}
{"@stream":"loaded_scripts","@system":"test-nsm","@proc":"zeek","name":"    /usr/share/zeek/base/bif/plugins/Zeek_X509.ocsp_events.bif.zeek"}
{"@stream":"loaded_scripts","@system":"test-nsm","@proc":"zeek","name":"    /usr/share/zeek/base/bif/plugins/Zeek_AsciiReader.ascii.bif.zeek"}
{"@stream":"loaded_scripts","@system":"test-nsm","@proc":"zeek","name":"    /usr/share/zeek/base/bif/plugins/Zeek_BenchmarkReader.benchmark.bif.zeek"}
{"@stream":"loaded_scripts","@system":"test-nsm","@proc":"zeek","name":"    /usr/share/zeek/base/bif/plugins/Zeek_BinaryReader.binary.bif.zeek"}
{"@stream":"loaded_scripts","@system":"test-nsm","@proc":"zeek","name":"    /usr/share/zeek/base/bif/plugins/Zeek_ConfigReader.config.bif.zeek"}
{"@stream":"loaded_scripts","@system":"test-nsm","@proc":"zeek","name":"    /usr/share/zeek/base/bif/plugins/Zeek_RawReader.raw.bif.zeek"}
{"@stream":"loaded_scripts","@system":"test-nsm","@proc":"zeek","name":"    /usr/share/zeek/base/bif/plugins/Zeek_SQLiteReader.sqlite.bif.zeek"}
{"@stream":"loaded_scripts","@system":"test-nsm","@proc":"zeek","name":"    /usr/share/zeek/base/bif/plugins/Zeek_AsciiWriter.ascii.bif.zeek"}
{"@stream":"loaded_scripts","@system":"test-nsm","@proc":"zeek","name":"    /usr/share/zeek/base/bif/plugins/Zeek_NoneWriter.none.bif.zeek"}
{"@stream":"loaded_scripts","@system":"test-nsm","@proc":"zeek","name":"    /usr/share/zeek/base/bif/plugins/Zeek_SQLiteWriter.sqlite.bif.zeek"}
{"@stream":"loaded_scripts","@system":"test-nsm","@proc":"zeek","name":"/usr/lib64/zeek/plugins/APACHE_KAFKA/lib/bif/__load__.zeek"}
{"@stream":"loaded_scripts","@system":"test-nsm","@proc":"zeek","name":"  /usr/lib64/zeek/plugins/APACHE_KAFKA/lib/bif/kafka.bif.zeek"}
{"@stream":"loaded_scripts","@system":"test-nsm","@proc":"zeek","name":"/usr/lib64/zeek/plugins/APACHE_KAFKA/scripts/__load__.bro"}
{"@stream":"loaded_scripts","@system":"test-nsm","@proc":"zeek","name":"  /usr/lib64/zeek/plugins/APACHE_KAFKA/scripts/init.bro"}
{"@stream":"loaded_scripts","@system":"test-nsm","@proc":"zeek","name":"/usr/lib64/zeek/plugins/Bro_AF_Packet/lib/bif/__load__.zeek"}
{"@stream":"loaded_scripts","@system":"test-nsm","@proc":"zeek","name":"  /usr/lib64/zeek/plugins/Bro_AF_Packet/lib/bif/af_packet.bif.zeek"}
{"@stream":"loaded_scripts","@system":"test-nsm","@proc":"zeek","name":"/usr/lib64/zeek/plugins/Bro_AF_Packet/scripts/__load__.bro"}
{"@stream":"loaded_scripts","@system":"test-nsm","@proc":"zeek","name":"  /usr/lib64/zeek/plugins/Bro_AF_Packet/scripts/init.bro"}
{"@stream":"loaded_scripts","@system":"test-nsm","@proc":"zeek","name":"/usr/lib64/zeek/plugins/Corelight_CommunityID/lib/bif/__load__.zeek"}
{"@stream":"loaded_scripts","@system":"test-nsm","@proc":"zeek","name":"  /usr/lib64/zeek/plugins/Corelight_CommunityID/lib/bif/communityid.bif.zeek"}
{"@stream":"loaded_scripts","@system":"test-nsm","@proc":"zeek","name":"/usr/lib64/zeek/plugins/Corelight_CommunityID/scripts/__load__.bro"}
{"@stream":"loaded_scripts","@system":"test-nsm","@proc":"zeek","name":"/usr/lib64/zeek/plugins/Salesforce_GQUIC/scripts/__preload__.bro"}
{"@stream":"loaded_scripts","@system":"test-nsm","@proc":"zeek","name":"  /usr/lib64/zeek/plugins/Salesforce_GQUIC/scripts/types.bro"}
{"@stream":"loaded_scripts","@system":"test-nsm","@proc":"zeek","name":"/usr/lib64/zeek/plugins/Salesforce_GQUIC/lib/bif/__load__.zeek"}
{"@stream":"loaded_scripts","@system":"test-nsm","@proc":"zeek","name":"  /usr/lib64/zeek/plugins/Salesforce_GQUIC/lib/bif/events.bif.zeek"}
{"@stream":"loaded_scripts","@system":"test-nsm","@proc":"zeek","name":"  /usr/lib64/zeek/plugins/Salesforce_GQUIC/lib/bif/consts.bif.zeek"}
{"@stream":"loaded_scripts","@system":"test-nsm","@proc":"zeek","name":"  /usr/lib64/zeek/plugins/Salesforce_GQUIC/lib/bif/types.bif.zeek"}
{"@stream":"loaded_scripts","@system":"test-nsm","@proc":"zeek","name":"/usr/lib64/zeek/plugins/Salesforce_GQUIC/scripts/__load__.bro"}
{"@stream":"loaded_scripts","@system":"test-nsm","@proc":"zeek","name":"  /usr/lib64/zeek/plugins/Salesforce_GQUIC/scripts/init.bro"}
{"@stream":"loaded_scripts","@system":"test-nsm","@proc":"zeek","name":"  /usr/lib64/zeek/plugins/Salesforce_GQUIC/scripts/gquic_events.bro"}
{"@stream":"loaded_scripts","@system":"test-nsm","@proc":"zeek","name":"    /usr/lib64/zeek/plugins/Salesforce_GQUIC/scripts/Salesforce/GQUIC/__load__.bro"}
{"@stream":"loaded_scripts","@system":"test-nsm","@proc":"zeek","name":"      /usr/lib64/zeek/plugins/Salesforce_GQUIC/scripts/Salesforce/GQUIC/main.bro"}
{"@stream":"loaded_scripts","@system":"test-nsm","@proc":"zeek","name":"/usr/share/zeek/base/init-default.zeek"}
{"@stream":"loaded_scripts","@system":"test-nsm","@proc":"zeek","name":"  /usr/share/zeek/base/utils/active-http.zeek"}
{"@stream":"loaded_scripts","@system":"test-nsm","@proc":"zeek","name":"    /usr/share/zeek/base/utils/exec.zeek"}
{"@stream":"loaded_scripts","@system":"test-nsm","@proc":"zeek","name":"  /usr/share/zeek/base/utils/addrs.zeek"}
{"@stream":"loaded_scripts","@system":"test-nsm","@proc":"zeek","name":"  /usr/share/zeek/base/utils/conn-ids.zeek"}
{"@stream":"loaded_scripts","@system":"test-nsm","@proc":"zeek","name":"  /usr/share/zeek/base/utils/dir.zeek"}
{"@stream":"loaded_scripts","@system":"test-nsm","@proc":"zeek","name":"    /usr/share/zeek/base/frameworks/reporter/__load__.zeek"}
{"@stream":"loaded_scripts","@system":"test-nsm","@proc":"zeek","name":"      /usr/share/zeek/base/frameworks/reporter/main.zeek"}
{"@stream":"loaded_scripts","@system":"test-nsm","@proc":"zeek","name":"    /usr/share/zeek/base/utils/paths.zeek"}
{"@stream":"loaded_scripts","@system":"test-nsm","@proc":"zeek","name":"  /usr/share/zeek/base/utils/directions-and-hosts.zeek"}
{"@stream":"loaded_scripts","@system":"test-nsm","@proc":"zeek","name":"  /usr/share/zeek/base/utils/email.zeek"}
{"@stream":"loaded_scripts","@system":"test-nsm","@proc":"zeek","name":"  /usr/share/zeek/base/utils/files.zeek"}
{"@stream":"loaded_scripts","@system":"test-nsm","@proc":"zeek","name":"  /usr/share/zeek/base/utils/geoip-distance.zeek"}
{"@stream":"loaded_scripts","@system":"test-nsm","@proc":"zeek","name":"  /usr/share/zeek/base/utils/hash_hrw.zeek"}
{"@stream":"loaded_scripts","@system":"test-nsm","@proc":"zeek","name":"  /usr/share/zeek/base/utils/numbers.zeek"}
{"@stream":"loaded_scripts","@system":"test-nsm","@proc":"zeek","name":"  /usr/share/zeek/base/utils/queue.zeek"}
{"@stream":"loaded_scripts","@system":"test-nsm","@proc":"zeek","name":"  /usr/share/zeek/base/utils/strings.zeek"}
{"@stream":"loaded_scripts","@system":"test-nsm","@proc":"zeek","name":"  /usr/share/zeek/base/utils/thresholds.zeek"}
{"@stream":"loaded_scripts","@system":"test-nsm","@proc":"zeek","name":"  /usr/share/zeek/base/utils/time.zeek"}
{"@stream":"loaded_scripts","@system":"test-nsm","@proc":"zeek","name":"  /usr/share/zeek/base/utils/urls.zeek"}
{"@stream":"loaded_scripts","@system":"test-nsm","@proc":"zeek","name":"  /usr/share/zeek/base/frameworks/notice/__load__.zeek"}
{"@stream":"loaded_scripts","@system":"test-nsm","@proc":"zeek","name":"    /usr/share/zeek/base/frameworks/notice/main.zeek"}
{"@stream":"loaded_scripts","@system":"test-nsm","@proc":"zeek","name":"      /usr/share/zeek/base/frameworks/cluster/__load__.zeek"}
{"@stream":"loaded_scripts","@system":"test-nsm","@proc":"zeek","name":"        /usr/share/zeek/base/frameworks/cluster/main.zeek"}
{"@stream":"loaded_scripts","@system":"test-nsm","@proc":"zeek","name":"          /usr/share/zeek/base/frameworks/control/__load__.zeek"}
{"@stream":"loaded_scripts","@system":"test-nsm","@proc":"zeek","name":"            /usr/share/zeek/base/frameworks/control/main.zeek"}
{"@stream":"loaded_scripts","@system":"test-nsm","@proc":"zeek","name":"        /usr/share/zeek/base/frameworks/cluster/pools.zeek"}
{"@stream":"loaded_scripts","@system":"test-nsm","@proc":"zeek","name":"    /usr/share/zeek/base/frameworks/notice/weird.zeek"}
{"@stream":"loaded_scripts","@system":"test-nsm","@proc":"zeek","name":"    /usr/share/zeek/base/frameworks/notice/actions/email_admin.zeek"}
{"@stream":"loaded_scripts","@system":"test-nsm","@proc":"zeek","name":"    /usr/share/zeek/base/frameworks/notice/actions/page.zeek"}
{"@stream":"loaded_scripts","@system":"test-nsm","@proc":"zeek","name":"    /usr/share/zeek/base/frameworks/notice/actions/add-geodata.zeek"}
{"@stream":"loaded_scripts","@system":"test-nsm","@proc":"zeek","name":"    /usr/share/zeek/base/frameworks/notice/actions/pp-alarms.zeek"}
{"@stream":"loaded_scripts","@system":"test-nsm","@proc":"zeek","name":"  /usr/share/zeek/base/frameworks/dpd/__load__.zeek"}
{"@stream":"loaded_scripts","@system":"test-nsm","@proc":"zeek","name":"    /usr/share/zeek/base/frameworks/dpd/main.zeek"}
{"@stream":"loaded_scripts","@system":"test-nsm","@proc":"zeek","name":"  /usr/share/zeek/base/frameworks/signatures/__load__.zeek"}
{"@stream":"loaded_scripts","@system":"test-nsm","@proc":"zeek","name":"    /usr/share/zeek/base/frameworks/signatures/main.zeek"}
{"@stream":"loaded_scripts","@system":"test-nsm","@proc":"zeek","name":"  /usr/share/zeek/base/frameworks/packet-filter/__load__.zeek"}
{"@stream":"loaded_scripts","@system":"test-nsm","@proc":"zeek","name":"    /usr/share/zeek/base/frameworks/packet-filter/main.zeek"}
{"@stream":"loaded_scripts","@system":"test-nsm","@proc":"zeek","name":"    /usr/share/zeek/base/frameworks/packet-filter/netstats.zeek"}
{"@stream":"loaded_scripts","@system":"test-nsm","@proc":"zeek","name":"  /usr/share/zeek/base/frameworks/software/__load__.zeek"}
{"@stream":"loaded_scripts","@system":"test-nsm","@proc":"zeek","name":"    /usr/share/zeek/base/frameworks/software/main.zeek"}
{"@stream":"loaded_scripts","@system":"test-nsm","@proc":"zeek","name":"  /usr/share/zeek/base/frameworks/intel/__load__.zeek"}
{"@stream":"loaded_scripts","@system":"test-nsm","@proc":"zeek","name":"    /usr/share/zeek/base/frameworks/intel/main.zeek"}
{"@stream":"loaded_scripts","@system":"test-nsm","@proc":"zeek","name":"    /usr/share/zeek/base/frameworks/intel/files.zeek"}
{"@stream":"loaded_scripts","@system":"test-nsm","@proc":"zeek","name":"    /usr/share/zeek/base/frameworks/intel/input.zeek"}
{"@stream":"loaded_scripts","@system":"test-nsm","@proc":"zeek","name":"  /usr/share/zeek/base/frameworks/config/__load__.zeek"}
{"@stream":"loaded_scripts","@system":"test-nsm","@proc":"zeek","name":"    /usr/share/zeek/base/frameworks/config/main.zeek"}
{"@stream":"loaded_scripts","@system":"test-nsm","@proc":"zeek","name":"    /usr/share/zeek/base/frameworks/config/input.zeek"}
{"@stream":"loaded_scripts","@system":"test-nsm","@proc":"zeek","name":"    /usr/share/zeek/base/frameworks/config/weird.zeek"}
{"@stream":"loaded_scripts","@system":"test-nsm","@proc":"zeek","name":"  /usr/share/zeek/base/frameworks/sumstats/__load__.zeek"}
{"@stream":"loaded_scripts","@system":"test-nsm","@proc":"zeek","name":"    /usr/share/zeek/base/frameworks/sumstats/main.zeek"}
{"@stream":"loaded_scripts","@system":"test-nsm","@proc":"zeek","name":"    /usr/share/zeek/base/frameworks/sumstats/plugins/__load__.zeek"}
{"@stream":"loaded_scripts","@system":"test-nsm","@proc":"zeek","name":"      /usr/share/zeek/base/frameworks/sumstats/plugins/average.zeek"}
{"@stream":"loaded_scripts","@system":"test-nsm","@proc":"zeek","name":"      /usr/share/zeek/base/frameworks/sumstats/plugins/hll_unique.zeek"}
{"@stream":"loaded_scripts","@system":"test-nsm","@proc":"zeek","name":"      /usr/share/zeek/base/frameworks/sumstats/plugins/last.zeek"}
{"@stream":"loaded_scripts","@system":"test-nsm","@proc":"zeek","name":"      /usr/share/zeek/base/frameworks/sumstats/plugins/max.zeek"}
{"@stream":"loaded_scripts","@system":"test-nsm","@proc":"zeek","name":"      /usr/share/zeek/base/frameworks/sumstats/plugins/min.zeek"}
{"@stream":"loaded_scripts","@system":"test-nsm","@proc":"zeek","name":"      /usr/share/zeek/base/frameworks/sumstats/plugins/sample.zeek"}
{"@stream":"loaded_scripts","@system":"test-nsm","@proc":"zeek","name":"      /usr/share/zeek/base/frameworks/sumstats/plugins/std-dev.zeek"}
{"@stream":"loaded_scripts","@system":"test-nsm","@proc":"zeek","name":"        /usr/share/zeek/base/frameworks/sumstats/plugins/variance.zeek"}
{"@stream":"loaded_scripts","@system":"test-nsm","@proc":"zeek","name":"      /usr/share/zeek/base/frameworks/sumstats/plugins/sum.zeek"}
{"@stream":"loaded_scripts","@system":"test-nsm","@proc":"zeek","name":"      /usr/share/zeek/base/frameworks/sumstats/plugins/topk.zeek"}
{"@stream":"loaded_scripts","@system":"test-nsm","@proc":"zeek","name":"      /usr/share/zeek/base/frameworks/sumstats/plugins/unique.zeek"}
{"@stream":"loaded_scripts","@system":"test-nsm","@proc":"zeek","name":"    /usr/share/zeek/base/frameworks/sumstats/non-cluster.zeek"}
{"@stream":"loaded_scripts","@system":"test-nsm","@proc":"zeek","name":"  /usr/share/zeek/base/frameworks/tunnels/__load__.zeek"}
{"@stream":"loaded_scripts","@system":"test-nsm","@proc":"zeek","name":"    /usr/share/zeek/base/frameworks/tunnels/main.zeek"}
{"@stream":"loaded_scripts","@system":"test-nsm","@proc":"zeek","name":"  /usr/share/zeek/base/frameworks/openflow/__load__.zeek"}
{"@stream":"loaded_scripts","@system":"test-nsm","@proc":"zeek","name":"    /usr/share/zeek/base/frameworks/openflow/consts.zeek"}
{"@stream":"loaded_scripts","@system":"test-nsm","@proc":"zeek","name":"    /usr/share/zeek/base/frameworks/openflow/types.zeek"}
{"@stream":"loaded_scripts","@system":"test-nsm","@proc":"zeek","name":"    /usr/share/zeek/base/frameworks/openflow/main.zeek"}
{"@stream":"loaded_scripts","@system":"test-nsm","@proc":"zeek","name":"    /usr/share/zeek/base/frameworks/openflow/plugins/__load__.zeek"}
{"@stream":"loaded_scripts","@system":"test-nsm","@proc":"zeek","name":"      /usr/share/zeek/base/frameworks/openflow/plugins/ryu.zeek"}
{"@stream":"loaded_scripts","@system":"test-nsm","@proc":"zeek","name":"      /usr/share/zeek/base/frameworks/openflow/plugins/log.zeek"}
{"@stream":"loaded_scripts","@system":"test-nsm","@proc":"zeek","name":"      /usr/share/zeek/base/frameworks/openflow/plugins/broker.zeek"}
{"@stream":"loaded_scripts","@system":"test-nsm","@proc":"zeek","name":"    /usr/share/zeek/base/frameworks/openflow/non-cluster.zeek"}
{"@stream":"loaded_scripts","@system":"test-nsm","@proc":"zeek","name":"  /usr/share/zeek/base/frameworks/netcontrol/__load__.zeek"}
{"@stream":"loaded_scripts","@system":"test-nsm","@proc":"zeek","name":"    /usr/share/zeek/base/frameworks/netcontrol/types.zeek"}
{"@stream":"loaded_scripts","@system":"test-nsm","@proc":"zeek","name":"    /usr/share/zeek/base/frameworks/netcontrol/main.zeek"}
{"@stream":"loaded_scripts","@system":"test-nsm","@proc":"zeek","name":"      /usr/share/zeek/base/frameworks/netcontrol/plugin.zeek"}
{"@stream":"loaded_scripts","@system":"test-nsm","@proc":"zeek","name":"    /usr/share/zeek/base/frameworks/netcontrol/plugins/__load__.zeek"}
{"@stream":"loaded_scripts","@system":"test-nsm","@proc":"zeek","name":"      /usr/share/zeek/base/frameworks/netcontrol/plugins/debug.zeek"}
{"@stream":"loaded_scripts","@system":"test-nsm","@proc":"zeek","name":"      /usr/share/zeek/base/frameworks/netcontrol/plugins/openflow.zeek"}
{"@stream":"loaded_scripts","@system":"test-nsm","@proc":"zeek","name":"      /usr/share/zeek/base/frameworks/netcontrol/plugins/packetfilter.zeek"}
{"@stream":"loaded_scripts","@system":"test-nsm","@proc":"zeek","name":"      /usr/share/zeek/base/frameworks/netcontrol/plugins/broker.zeek"}
{"@stream":"loaded_scripts","@system":"test-nsm","@proc":"zeek","name":"      /usr/share/zeek/base/frameworks/netcontrol/plugins/acld.zeek"}
{"@stream":"loaded_scripts","@system":"test-nsm","@proc":"zeek","name":"    /usr/share/zeek/base/frameworks/netcontrol/drop.zeek"}
{"@stream":"loaded_scripts","@system":"test-nsm","@proc":"zeek","name":"    /usr/share/zeek/base/frameworks/netcontrol/shunt.zeek"}
{"@stream":"loaded_scripts","@system":"test-nsm","@proc":"zeek","name":"    /usr/share/zeek/base/frameworks/netcontrol/non-cluster.zeek"}
{"@stream":"loaded_scripts","@system":"test-nsm","@proc":"zeek","name":"  /usr/share/zeek/base/protocols/conn/__load__.zeek"}
{"@stream":"loaded_scripts","@system":"test-nsm","@proc":"zeek","name":"    /usr/share/zeek/base/protocols/conn/main.zeek"}
{"@stream":"loaded_scripts","@system":"test-nsm","@proc":"zeek","name":"    /usr/share/zeek/base/protocols/conn/contents.zeek"}
{"@stream":"loaded_scripts","@system":"test-nsm","@proc":"zeek","name":"    /usr/share/zeek/base/protocols/conn/inactivity.zeek"}
{"@stream":"loaded_scripts","@system":"test-nsm","@proc":"zeek","name":"    /usr/share/zeek/base/protocols/conn/polling.zeek"}
{"@stream":"loaded_scripts","@system":"test-nsm","@proc":"zeek","name":"    /usr/share/zeek/base/protocols/conn/thresholds.zeek"}
{"@stream":"loaded_scripts","@system":"test-nsm","@proc":"zeek","name":"  /usr/share/zeek/base/protocols/dce-rpc/__load__.zeek"}
{"@stream":"loaded_scripts","@system":"test-nsm","@proc":"zeek","name":"    /usr/share/zeek/base/protocols/dce-rpc/consts.zeek"}
{"@stream":"loaded_scripts","@system":"test-nsm","@proc":"zeek","name":"    /usr/share/zeek/base/protocols/dce-rpc/main.zeek"}
{"@stream":"loaded_scripts","@system":"test-nsm","@proc":"zeek","name":"  /usr/share/zeek/base/protocols/dhcp/__load__.zeek"}
{"@stream":"loaded_scripts","@system":"test-nsm","@proc":"zeek","name":"    /usr/share/zeek/base/protocols/dhcp/consts.zeek"}
{"@stream":"loaded_scripts","@system":"test-nsm","@proc":"zeek","name":"    /usr/share/zeek/base/protocols/dhcp/main.zeek"}
{"@stream":"loaded_scripts","@system":"test-nsm","@proc":"zeek","name":"  /usr/share/zeek/base/protocols/dnp3/__load__.zeek"}
{"@stream":"loaded_scripts","@system":"test-nsm","@proc":"zeek","name":"    /usr/share/zeek/base/protocols/dnp3/main.zeek"}
{"@stream":"loaded_scripts","@system":"test-nsm","@proc":"zeek","name":"      /usr/share/zeek/base/protocols/dnp3/consts.zeek"}
{"@stream":"loaded_scripts","@system":"test-nsm","@proc":"zeek","name":"  /usr/share/zeek/base/protocols/dns/__load__.zeek"}
{"@stream":"loaded_scripts","@system":"test-nsm","@proc":"zeek","name":"    /usr/share/zeek/base/protocols/dns/consts.zeek"}
{"@stream":"loaded_scripts","@system":"test-nsm","@proc":"zeek","name":"    /usr/share/zeek/base/protocols/dns/main.zeek"}
{"@stream":"loaded_scripts","@system":"test-nsm","@proc":"zeek","name":"  /usr/share/zeek/base/protocols/ftp/__load__.zeek"}
{"@stream":"loaded_scripts","@system":"test-nsm","@proc":"zeek","name":"    /usr/share/zeek/base/protocols/ftp/utils-commands.zeek"}
{"@stream":"loaded_scripts","@system":"test-nsm","@proc":"zeek","name":"    /usr/share/zeek/base/protocols/ftp/info.zeek"}
{"@stream":"loaded_scripts","@system":"test-nsm","@proc":"zeek","name":"    /usr/share/zeek/base/protocols/ftp/main.zeek"}
{"@stream":"loaded_scripts","@system":"test-nsm","@proc":"zeek","name":"      /usr/share/zeek/base/protocols/ftp/utils.zeek"}
{"@stream":"loaded_scripts","@system":"test-nsm","@proc":"zeek","name":"    /usr/share/zeek/base/protocols/ftp/files.zeek"}
{"@stream":"loaded_scripts","@system":"test-nsm","@proc":"zeek","name":"    /usr/share/zeek/base/protocols/ftp/gridftp.zeek"}
{"@stream":"loaded_scripts","@system":"test-nsm","@proc":"zeek","name":"      /usr/share/zeek/base/protocols/ssl/__load__.zeek"}
{"@stream":"loaded_scripts","@system":"test-nsm","@proc":"zeek","name":"        /usr/share/zeek/base/protocols/ssl/consts.zeek"}
{"@stream":"loaded_scripts","@system":"test-nsm","@proc":"zeek","name":"        /usr/share/zeek/base/protocols/ssl/main.zeek"}
{"@stream":"loaded_scripts","@system":"test-nsm","@proc":"zeek","name":"        /usr/share/zeek/base/protocols/ssl/mozilla-ca-list.zeek"}
{"@stream":"loaded_scripts","@system":"test-nsm","@proc":"zeek","name":"        /usr/share/zeek/base/protocols/ssl/ct-list.zeek"}
{"@stream":"loaded_scripts","@system":"test-nsm","@proc":"zeek","name":"        /usr/share/zeek/base/protocols/ssl/files.zeek"}
{"@stream":"loaded_scripts","@system":"test-nsm","@proc":"zeek","name":"          /usr/share/zeek/base/files/x509/__load__.zeek"}
{"@stream":"loaded_scripts","@system":"test-nsm","@proc":"zeek","name":"            /usr/share/zeek/base/files/x509/main.zeek"}
{"@stream":"loaded_scripts","@system":"test-nsm","@proc":"zeek","name":"              /usr/share/zeek/base/files/hash/__load__.zeek"}
{"@stream":"loaded_scripts","@system":"test-nsm","@proc":"zeek","name":"                /usr/share/zeek/base/files/hash/main.zeek"}
{"@stream":"loaded_scripts","@system":"test-nsm","@proc":"zeek","name":"  /usr/share/zeek/base/protocols/http/__load__.zeek"}
{"@stream":"loaded_scripts","@system":"test-nsm","@proc":"zeek","name":"    /usr/share/zeek/base/protocols/http/main.zeek"}
{"@stream":"loaded_scripts","@system":"test-nsm","@proc":"zeek","name":"    /usr/share/zeek/base/protocols/http/entities.zeek"}
{"@stream":"loaded_scripts","@system":"test-nsm","@proc":"zeek","name":"    /usr/share/zeek/base/protocols/http/utils.zeek"}
{"@stream":"loaded_scripts","@system":"test-nsm","@proc":"zeek","name":"    /usr/share/zeek/base/protocols/http/files.zeek"}
{"@stream":"loaded_scripts","@system":"test-nsm","@proc":"zeek","name":"  /usr/share/zeek/base/protocols/imap/__load__.zeek"}
{"@stream":"loaded_scripts","@system":"test-nsm","@proc":"zeek","name":"    /usr/share/zeek/base/protocols/imap/main.zeek"}
{"@stream":"loaded_scripts","@system":"test-nsm","@proc":"zeek","name":"  /usr/share/zeek/base/protocols/irc/__load__.zeek"}
{"@stream":"loaded_scripts","@system":"test-nsm","@proc":"zeek","name":"    /usr/share/zeek/base/protocols/irc/main.zeek"}
{"@stream":"loaded_scripts","@system":"test-nsm","@proc":"zeek","name":"    /usr/share/zeek/base/protocols/irc/dcc-send.zeek"}
{"@stream":"loaded_scripts","@system":"test-nsm","@proc":"zeek","name":"    /usr/share/zeek/base/protocols/irc/files.zeek"}
{"@stream":"loaded_scripts","@system":"test-nsm","@proc":"zeek","name":"  /usr/share/zeek/base/protocols/krb/__load__.zeek"}
{"@stream":"loaded_scripts","@system":"test-nsm","@proc":"zeek","name":"    /usr/share/zeek/base/protocols/krb/main.zeek"}
{"@stream":"loaded_scripts","@system":"test-nsm","@proc":"zeek","name":"      /usr/share/zeek/base/protocols/krb/consts.zeek"}
{"@stream":"loaded_scripts","@system":"test-nsm","@proc":"zeek","name":"    /usr/share/zeek/base/protocols/krb/files.zeek"}
{"@stream":"loaded_scripts","@system":"test-nsm","@proc":"zeek","name":"  /usr/share/zeek/base/protocols/modbus/__load__.zeek"}
{"@stream":"loaded_scripts","@system":"test-nsm","@proc":"zeek","name":"    /usr/share/zeek/base/protocols/modbus/consts.zeek"}
{"@stream":"loaded_scripts","@system":"test-nsm","@proc":"zeek","name":"    /usr/share/zeek/base/protocols/modbus/main.zeek"}
{"@stream":"loaded_scripts","@system":"test-nsm","@proc":"zeek","name":"  /usr/share/zeek/base/protocols/mqtt/__load__.zeek"}
{"@stream":"loaded_scripts","@system":"test-nsm","@proc":"zeek","name":"    /usr/share/zeek/base/protocols/mqtt/consts.zeek"}
{"@stream":"loaded_scripts","@system":"test-nsm","@proc":"zeek","name":"  /usr/share/zeek/base/protocols/mysql/__load__.zeek"}
{"@stream":"loaded_scripts","@system":"test-nsm","@proc":"zeek","name":"    /usr/share/zeek/base/protocols/mysql/main.zeek"}
{"@stream":"loaded_scripts","@system":"test-nsm","@proc":"zeek","name":"      /usr/share/zeek/base/protocols/mysql/consts.zeek"}
{"@stream":"loaded_scripts","@system":"test-nsm","@proc":"zeek","name":"  /usr/share/zeek/base/protocols/ntlm/__load__.zeek"}
{"@stream":"loaded_scripts","@system":"test-nsm","@proc":"zeek","name":"    /usr/share/zeek/base/protocols/ntlm/main.zeek"}
{"@stream":"loaded_scripts","@system":"test-nsm","@proc":"zeek","name":"  /usr/share/zeek/base/protocols/ntp/__load__.zeek"}
{"@stream":"loaded_scripts","@system":"test-nsm","@proc":"zeek","name":"    /usr/share/zeek/base/protocols/ntp/main.zeek"}
{"@stream":"loaded_scripts","@system":"test-nsm","@proc":"zeek","name":"    /usr/share/zeek/base/protocols/ntp/consts.zeek"}
{"@stream":"loaded_scripts","@system":"test-nsm","@proc":"zeek","name":"  /usr/share/zeek/base/protocols/pop3/__load__.zeek"}
{"@stream":"loaded_scripts","@system":"test-nsm","@proc":"zeek","name":"  /usr/share/zeek/base/protocols/radius/__load__.zeek"}
{"@stream":"loaded_scripts","@system":"test-nsm","@proc":"zeek","name":"    /usr/share/zeek/base/protocols/radius/main.zeek"}
{"@stream":"loaded_scripts","@system":"test-nsm","@proc":"zeek","name":"      /usr/share/zeek/base/protocols/radius/consts.zeek"}
{"@stream":"loaded_scripts","@system":"test-nsm","@proc":"zeek","name":"  /usr/share/zeek/base/protocols/rdp/__load__.zeek"}
{"@stream":"loaded_scripts","@system":"test-nsm","@proc":"zeek","name":"    /usr/share/zeek/base/protocols/rdp/consts.zeek"}
{"@stream":"loaded_scripts","@system":"test-nsm","@proc":"zeek","name":"    /usr/share/zeek/base/protocols/rdp/main.zeek"}
{"@stream":"loaded_scripts","@system":"test-nsm","@proc":"zeek","name":"  /usr/share/zeek/base/protocols/rfb/__load__.zeek"}
{"@stream":"loaded_scripts","@system":"test-nsm","@proc":"zeek","name":"    /usr/share/zeek/base/protocols/rfb/main.zeek"}
{"@stream":"loaded_scripts","@system":"test-nsm","@proc":"zeek","name":"  /usr/share/zeek/base/protocols/sip/__load__.zeek"}
{"@stream":"loaded_scripts","@system":"test-nsm","@proc":"zeek","name":"    /usr/share/zeek/base/protocols/sip/main.zeek"}
{"@stream":"loaded_scripts","@system":"test-nsm","@proc":"zeek","name":"  /usr/share/zeek/base/protocols/snmp/__load__.zeek"}
{"@stream":"loaded_scripts","@system":"test-nsm","@proc":"zeek","name":"    /usr/share/zeek/base/protocols/snmp/main.zeek"}
{"@stream":"loaded_scripts","@system":"test-nsm","@proc":"zeek","name":"  /usr/share/zeek/base/protocols/smb/__load__.zeek"}
{"@stream":"loaded_scripts","@system":"test-nsm","@proc":"zeek","name":"    /usr/share/zeek/base/protocols/smb/consts.zeek"}
{"@stream":"loaded_scripts","@system":"test-nsm","@proc":"zeek","name":"    /usr/share/zeek/base/protocols/smb/const-dos-error.zeek"}
{"@stream":"loaded_scripts","@system":"test-nsm","@proc":"zeek","name":"    /usr/share/zeek/base/protocols/smb/const-nt-status.zeek"}
{"@stream":"loaded_scripts","@system":"test-nsm","@proc":"zeek","name":"    /usr/share/zeek/base/protocols/smb/main.zeek"}
{"@stream":"loaded_scripts","@system":"test-nsm","@proc":"zeek","name":"    /usr/share/zeek/base/protocols/smb/smb1-main.zeek"}
{"@stream":"loaded_scripts","@system":"test-nsm","@proc":"zeek","name":"    /usr/share/zeek/base/protocols/smb/smb2-main.zeek"}
{"@stream":"loaded_scripts","@system":"test-nsm","@proc":"zeek","name":"    /usr/share/zeek/base/protocols/smb/files.zeek"}
{"@stream":"loaded_scripts","@system":"test-nsm","@proc":"zeek","name":"  /usr/share/zeek/base/protocols/smtp/__load__.zeek"}
{"@stream":"loaded_scripts","@system":"test-nsm","@proc":"zeek","name":"    /usr/share/zeek/base/protocols/smtp/main.zeek"}
{"@stream":"loaded_scripts","@system":"test-nsm","@proc":"zeek","name":"    /usr/share/zeek/base/protocols/smtp/entities.zeek"}
{"@stream":"loaded_scripts","@system":"test-nsm","@proc":"zeek","name":"    /usr/share/zeek/base/protocols/smtp/files.zeek"}
{"@stream":"loaded_scripts","@system":"test-nsm","@proc":"zeek","name":"  /usr/share/zeek/base/protocols/socks/__load__.zeek"}
{"@stream":"loaded_scripts","@system":"test-nsm","@proc":"zeek","name":"    /usr/share/zeek/base/protocols/socks/consts.zeek"}
{"@stream":"loaded_scripts","@system":"test-nsm","@proc":"zeek","name":"    /usr/share/zeek/base/protocols/socks/main.zeek"}
{"@stream":"loaded_scripts","@system":"test-nsm","@proc":"zeek","name":"  /usr/share/zeek/base/protocols/ssh/__load__.zeek"}
{"@stream":"loaded_scripts","@system":"test-nsm","@proc":"zeek","name":"    /usr/share/zeek/base/protocols/ssh/main.zeek"}
{"@stream":"loaded_scripts","@system":"test-nsm","@proc":"zeek","name":"  /usr/share/zeek/base/protocols/syslog/__load__.zeek"}
{"@stream":"loaded_scripts","@system":"test-nsm","@proc":"zeek","name":"    /usr/share/zeek/base/protocols/syslog/consts.zeek"}
{"@stream":"loaded_scripts","@system":"test-nsm","@proc":"zeek","name":"    /usr/share/zeek/base/protocols/syslog/main.zeek"}
{"@stream":"loaded_scripts","@system":"test-nsm","@proc":"zeek","name":"  /usr/share/zeek/base/protocols/tunnels/__load__.zeek"}
{"@stream":"loaded_scripts","@system":"test-nsm","@proc":"zeek","name":"  /usr/share/zeek/base/protocols/xmpp/__load__.zeek"}
{"@stream":"loaded_scripts","@system":"test-nsm","@proc":"zeek","name":"    /usr/share/zeek/base/protocols/xmpp/main.zeek"}
{"@stream":"loaded_scripts","@system":"test-nsm","@proc":"zeek","name":"  /usr/share/zeek/base/files/pe/__load__.zeek"}
{"@stream":"loaded_scripts","@system":"test-nsm","@proc":"zeek","name":"    /usr/share/zeek/base/files/pe/consts.zeek"}
{"@stream":"loaded_scripts","@system":"test-nsm","@proc":"zeek","name":"    /usr/share/zeek/base/files/pe/main.zeek"}
{"@stream":"loaded_scripts","@system":"test-nsm","@proc":"zeek","name":"  /usr/share/zeek/base/files/extract/__load__.zeek"}
{"@stream":"loaded_scripts","@system":"test-nsm","@proc":"zeek","name":"    /usr/share/zeek/base/files/extract/main.zeek"}
{"@stream":"loaded_scripts","@system":"test-nsm","@proc":"zeek","name":"  /usr/share/zeek/base/misc/find-checksum-offloading.zeek"}
{"@stream":"loaded_scripts","@system":"test-nsm","@proc":"zeek","name":"  /usr/share/zeek/base/misc/find-filtered-trace.zeek"}
{"@stream":"loaded_scripts","@system":"test-nsm","@proc":"zeek","name":"  /usr/share/zeek/base/misc/version.zeek"}
{"@stream":"loaded_scripts","@system":"test-nsm","@proc":"zeek","name":"/usr/share/zeek/site/local.zeek"}
{"@stream":"loaded_scripts","@system":"test-nsm","@proc":"zeek","name":"  /usr/share/zeek/policy/misc/loaded-scripts.zeek"}
{"@stream":"loaded_scripts","@system":"test-nsm","@proc":"zeek","name":"  /usr/share/zeek/policy/tuning/defaults/__load__.zeek"}
{"@stream":"loaded_scripts","@system":"test-nsm","@proc":"zeek","name":"    /usr/share/zeek/policy/tuning/defaults/packet-fragments.zeek"}
{"@stream":"loaded_scripts","@system":"test-nsm","@proc":"zeek","name":"    /usr/share/zeek/policy/tuning/defaults/warnings.zeek"}
{"@stream":"loaded_scripts","@system":"test-nsm","@proc":"zeek","name":"    /usr/share/zeek/policy/tuning/defaults/extracted_file_limits.zeek"}
{"@stream":"loaded_scripts","@system":"test-nsm","@proc":"zeek","name":"  /usr/share/zeek/policy/misc/capture-loss.zeek"}
{"@stream":"loaded_scripts","@system":"test-nsm","@proc":"zeek","name":"  /usr/share/zeek/policy/misc/stats.zeek"}
{"@stream":"loaded_scripts","@system":"test-nsm","@proc":"zeek","name":"  /usr/share/zeek/policy/misc/scan.zeek"}
{"@stream":"loaded_scripts","@system":"test-nsm","@proc":"zeek","name":"  /usr/share/zeek/policy/misc/detect-traceroute/__load__.zeek"}
{"@stream":"loaded_scripts","@system":"test-nsm","@proc":"zeek","name":"    /usr/share/zeek/policy/misc/detect-traceroute/main.zeek"}
{"@stream":"loaded_scripts","@system":"test-nsm","@proc":"zeek","name":"  /usr/share/zeek/policy/frameworks/software/vulnerable.zeek"}
{"@stream":"loaded_scripts","@system":"test-nsm","@proc":"zeek","name":"  /usr/share/zeek/policy/frameworks/software/version-changes.zeek"}
{"@stream":"loaded_scripts","@system":"test-nsm","@proc":"zeek","name":"  /usr/share/zeek/policy/protocols/ftp/software.zeek"}
{"@stream":"loaded_scripts","@system":"test-nsm","@proc":"zeek","name":"  /usr/share/zeek/policy/protocols/smtp/software.zeek"}
{"@stream":"loaded_scripts","@system":"test-nsm","@proc":"zeek","name":"  /usr/share/zeek/policy/protocols/ssh/software.zeek"}
{"@stream":"loaded_scripts","@system":"test-nsm","@proc":"zeek","name":"  /usr/share/zeek/policy/protocols/http/software.zeek"}
{"@stream":"loaded_scripts","@system":"test-nsm","@proc":"zeek","name":"  /usr/share/zeek/policy/protocols/http/detect-webapps.zeek"}
{"@stream":"loaded_scripts","@system":"test-nsm","@proc":"zeek","name":"  /usr/share/zeek/policy/protocols/dns/detect-external-names.zeek"}
{"@stream":"loaded_scripts","@system":"test-nsm","@proc":"zeek","name":"  /usr/share/zeek/policy/protocols/ftp/detect.zeek"}
{"@stream":"loaded_scripts","@system":"test-nsm","@proc":"zeek","name":"  /usr/share/zeek/policy/protocols/conn/known-hosts.zeek"}
{"@stream":"loaded_scripts","@system":"test-nsm","@proc":"zeek","name":"  /usr/share/zeek/policy/protocols/conn/known-services.zeek"}
{"@stream":"loaded_scripts","@system":"test-nsm","@proc":"zeek","name":"  /usr/share/zeek/policy/protocols/ssl/known-certs.zeek"}
{"@stream":"loaded_scripts","@system":"test-nsm","@proc":"zeek","name":"  /usr/share/zeek/policy/protocols/ssl/validate-certs.zeek"}
{"@stream":"loaded_scripts","@system":"test-nsm","@proc":"zeek","name":"  /usr/share/zeek/policy/protocols/ssl/log-hostcerts-only.zeek"}
{"@stream":"loaded_scripts","@system":"test-nsm","@proc":"zeek","name":"  /usr/share/zeek/policy/protocols/ssh/geo-data.zeek"}
{"@stream":"loaded_scripts","@system":"test-nsm","@proc":"zeek","name":"  /usr/share/zeek/policy/protocols/ssh/detect-bruteforcing.zeek"}
{"@stream":"loaded_scripts","@system":"test-nsm","@proc":"zeek","name":"  /usr/share/zeek/policy/protocols/ssh/interesting-hostnames.zeek"}
{"@stream":"loaded_scripts","@system":"test-nsm","@proc":"zeek","name":"  /usr/share/zeek/policy/protocols/http/detect-sqli.zeek"}
{"@stream":"loaded_scripts","@system":"test-nsm","@proc":"zeek","name":"  /usr/share/zeek/policy/frameworks/files/hash-all-files.zeek"}
{"@stream":"loaded_scripts","@system":"test-nsm","@proc":"zeek","name":"  /usr/share/zeek/policy/frameworks/files/detect-MHR.zeek"}
{"@stream":"loaded_scripts","@system":"test-nsm","@proc":"zeek","name":"  /usr/share/zeek/policy/frameworks/notice/extend-email/hostnames.zeek"}
{"@stream":"loaded_scripts","@system":"test-nsm","@proc":"zeek","name":"  /usr/share/zeek/policy/protocols/ssl/heartbleed.zeek"}
{"@stream":"loaded_scripts","@system":"test-nsm","@proc":"zeek","name":"  /usr/share/zeek/policy/protocols/conn/vlan-logging.zeek"}
{"@stream":"loaded_scripts","@system":"test-nsm","@proc":"zeek","name":"  /usr/share/zeek/policy/protocols/conn/mac-logging.zeek"}
{"@stream":"loaded_scripts","@system":"test-nsm","@proc":"zeek","name":"  /usr/share/zeek/site/scripts/additional_stuff/__load__.bro"}
{"@stream":"loaded_scripts","@system":"test-nsm","@proc":"zeek","name":"    /usr/share/zeek/site/scripts/additional_stuff/additional_stuff.bro"}
{"@stream":"loaded_scripts","@system":"test-nsm","@proc":"zeek","name":"      /usr/share/zeek/policy/protocols/http/header-names.zeek"}
{"@stream":"loaded_scripts","@system":"test-nsm","@proc":"zeek","name":"      /usr/share/zeek/site/scripts/additional_stuff/frameworks/intel/__load__.bro"}
{"@stream":"loaded_scripts","@system":"test-nsm","@proc":"zeek","name":"        /usr/share/zeek/site/scripts/additional_stuff/frameworks/intel/intel.bro"}
{"@stream":"loaded_scripts","@system":"test-nsm","@proc":"zeek","name":"          /usr/share/zeek/policy/frameworks/intel/seen/__load__.zeek"}
{"@stream":"loaded_scripts","@system":"test-nsm","@proc":"zeek","name":"            /usr/share/zeek/policy/frameworks/intel/seen/conn-established.zeek"}
{"@stream":"loaded_scripts","@system":"test-nsm","@proc":"zeek","name":"              /usr/share/zeek/policy/frameworks/intel/seen/where-locations.zeek"}
{"@stream":"loaded_scripts","@system":"test-nsm","@proc":"zeek","name":"            /usr/share/zeek/policy/frameworks/intel/seen/dns.zeek"}
{"@stream":"loaded_scripts","@system":"test-nsm","@proc":"zeek","name":"            /usr/share/zeek/policy/frameworks/intel/seen/file-hashes.zeek"}
{"@stream":"loaded_scripts","@system":"test-nsm","@proc":"zeek","name":"            /usr/share/zeek/policy/frameworks/intel/seen/file-names.zeek"}
{"@stream":"loaded_scripts","@system":"test-nsm","@proc":"zeek","name":"            /usr/share/zeek/policy/frameworks/intel/seen/http-headers.zeek"}
{"@stream":"loaded_scripts","@system":"test-nsm","@proc":"zeek","name":"            /usr/share/zeek/policy/frameworks/intel/seen/http-url.zeek"}
{"@stream":"loaded_scripts","@system":"test-nsm","@proc":"zeek","name":"            /usr/share/zeek/policy/frameworks/intel/seen/pubkey-hashes.zeek"}
{"@stream":"loaded_scripts","@system":"test-nsm","@proc":"zeek","name":"            /usr/share/zeek/policy/frameworks/intel/seen/ssl.zeek"}
{"@stream":"loaded_scripts","@system":"test-nsm","@proc":"zeek","name":"            /usr/share/zeek/policy/frameworks/intel/seen/smb-filenames.zeek"}
{"@stream":"loaded_scripts","@system":"test-nsm","@proc":"zeek","name":"            /usr/share/zeek/policy/frameworks/intel/seen/smtp.zeek"}
{"@stream":"loaded_scripts","@system":"test-nsm","@proc":"zeek","name":"            /usr/share/zeek/policy/frameworks/intel/seen/smtp-url-extraction.zeek"}
{"@stream":"loaded_scripts","@system":"test-nsm","@proc":"zeek","name":"            /usr/share/zeek/policy/frameworks/intel/seen/x509.zeek"}
{"@stream":"loaded_scripts","@system":"test-nsm","@proc":"zeek","name":"          /usr/share/zeek/policy/frameworks/intel/do_notice.zeek"}
{"@stream":"loaded_scripts","@system":"test-nsm","@proc":"zeek","name":"      /usr/share/zeek/site/scripts/additional_stuff/frameworks/files/extract2fsf.bro"}
{"@stream":"loaded_scripts","@system":"test-nsm","@proc":"zeek","name":"      /usr/share/zeek/site/scripts/additional_stuff/frameworks/files/extraction/__load__.bro"}
{"@stream":"loaded_scripts","@system":"test-nsm","@proc":"zeek","name":"        /usr/share/zeek/site/scripts/additional_stuff/frameworks/files/extraction/main.bro"}
{"@stream":"loaded_scripts","@system":"test-nsm","@proc":"zeek","name":"          /usr/share/zeek/site/scripts/additional_stuff/frameworks/files/extraction/file-extensions.bro"}
{"@stream":"loaded_scripts","@system":"test-nsm","@proc":"zeek","name":"        /usr/share/zeek/site/scripts/additional_stuff/frameworks/files/extraction/plugins/__load__.bro"}
{"@stream":"loaded_scripts","@system":"test-nsm","@proc":"zeek","name":"          /usr/share/zeek/site/scripts/additional_stuff/frameworks/files/extraction/plugins/extract-common-exploit-types.bro"}
{"@stream":"loaded_scripts","@system":"test-nsm","@proc":"zeek","name":"            /usr/share/zeek/site/scripts/additional_stuff/frameworks/files/extraction/plugins/extract-java.bro"}
{"@stream":"loaded_scripts","@system":"test-nsm","@proc":"zeek","name":"            /usr/share/zeek/site/scripts/additional_stuff/frameworks/files/extraction/plugins/extract-pe.bro"}
{"@stream":"loaded_scripts","@system":"test-nsm","@proc":"zeek","name":"            /usr/share/zeek/site/scripts/additional_stuff/frameworks/files/extraction/plugins/extract-ms-office.bro"}
{"@stream":"loaded_scripts","@system":"test-nsm","@proc":"zeek","name":"            /usr/share/zeek/site/scripts/additional_stuff/frameworks/files/extraction/plugins/extract-pdf.bro"}
{"@stream":"loaded_scripts","@system":"test-nsm","@proc":"zeek","name":"          /usr/share/zeek/site/scripts/additional_stuff/frameworks/files/extraction/plugins/extract-executable-types.bro"}
{"@stream":"loaded_scripts","@system":"test-nsm","@proc":"zeek","name":"            /usr/share/zeek/site/scripts/additional_stuff/frameworks/files/extraction/plugins/extract-elf.bro"}
{"@stream":"loaded_scripts","@system":"test-nsm","@proc":"zeek","name":"            /usr/share/zeek/site/scripts/additional_stuff/frameworks/files/extraction/plugins/extract-macho.bro"}
{"@stream":"loaded_scripts","@system":"test-nsm","@proc":"zeek","name":"            /usr/share/zeek/site/scripts/additional_stuff/frameworks/files/extraction/plugins/extract-scripts.bro"}
{"@stream":"loaded_scripts","@system":"test-nsm","@proc":"zeek","name":"      /usr/share/zeek/site/scripts/additional_stuff/frameworks/logging/extension.bro"}
{"@stream":"loaded_scripts","@system":"test-nsm","@proc":"zeek","name":"      /usr/share/zeek/site/scripts/additional_stuff/protocols/ssl/ssl-add-cert-hash.bro"}
{"@stream":"loaded_scripts","@system":"test-nsm","@proc":"zeek","name":"      /usr/share/zeek/site/scripts/additional_stuff/protocols/pop3/__load__.bro"}
{"@stream":"loaded_scripts","@system":"test-nsm","@proc":"zeek","name":"        /usr/share/zeek/site/scripts/additional_stuff/protocols/pop3/main.bro"}
{"@stream":"loaded_scripts","@system":"test-nsm","@proc":"zeek","name":"      /usr/share/zeek/site/scripts/additional_stuff/misc/ja3/__load__.bro"}
{"@stream":"loaded_scripts","@system":"test-nsm","@proc":"zeek","name":"        /usr/share/zeek/site/scripts/additional_stuff/misc/ja3/ja3.bro"}
{"@stream":"loaded_scripts","@system":"test-nsm","@proc":"zeek","name":"        /usr/share/zeek/site/scripts/additional_stuff/misc/ja3/intel_ja3.bro"}
{"@stream":"loaded_scripts","@system":"test-nsm","@proc":"zeek","name":"        /usr/share/zeek/site/scripts/additional_stuff/misc/ja3/ja3s.bro"}
{"@stream":"loaded_scripts","@system":"test-nsm","@proc":"zeek","name":"      /usr/share/zeek/site/scripts/additional_stuff/misc/hassh/__load__.bro"}
{"@stream":"loaded_scripts","@system":"test-nsm","@proc":"zeek","name":"        /usr/share/zeek/site/scripts/additional_stuff/misc/hassh/hassh.bro"}
{"@stream":"loaded_scripts","@system":"test-nsm","@proc":"zeek","name":"      /usr/share/zeek/site/scripts/additional_stuff/plugins/afpacket.bro"}
{"@stream":"loaded_scripts","@system":"test-nsm","@proc":"zeek","name":"  /usr/share/zeek/site/scripts/additional_stuff/plugins/kafka.bro"}
{"@stream":"loaded_scripts","@system":"test-nsm","@proc":"zeek","name":"  /usr/share/zeek/policy/frameworks/software/windows-version-detection.zeek"}
{"@stream":"loaded_scripts","@system":"test-nsm","@proc":"zeek","name":"  /usr/share/zeek/policy/protocols/http/software-browser-plugins.zeek"}
{"@stream":"loaded_scripts","@system":"test-nsm","@proc":"zeek","name":"  /usr/share/zeek/policy/protocols/http/var-extraction-cookies.zeek"}
{"@stream":"loaded_scripts","@system":"test-nsm","@proc":"zeek","name":"  /usr/share/zeek/policy/protocols/dhcp/software.zeek"}
{"@stream":"loaded_scripts","@system":"test-nsm","@proc":"zeek","name":"  /usr/share/zeek/policy/protocols/dhcp/sub-opts.zeek"}
{"@stream":"loaded_scripts","@system":"test-nsm","@proc":"zeek","name":"  /usr/share/zeek/policy/protocols/dhcp/msg-orig.zeek"}
{"@stream":"loaded_scripts","@system":"test-nsm","@proc":"zeek","name":"  /usr/share/zeek/policy/protocols/rdp/indicate_ssl.zeek"}
{"@stream":"loaded_scripts","@system":"test-nsm","@proc":"zeek","name":"  /usr/share/zeek/policy/protocols/dns/auth-addl.zeek"}
{"@stream":"loaded_scripts","@system":"test-nsm","@proc":"zeek","name":"  /usr/share/zeek/policy/frameworks/files/entropy-test-all-files.zeek"}
